{"C:\\Training-after-Coherent\\AI\\Wiley\\Ch9\\chapter09\\tic-tac-toe-client\\script.js": {"path":"C:\\Training-after-Coherent\\AI\\Wiley\\Ch9\\chapter09\\tic-tac-toe-client\\script.js","all":false,"statementMap":{"0":{"start":{"line":1,"column":0},"end":{"line":1,"column":28}},"1":{"start":{"line":2,"column":0},"end":{"line":2,"column":32}},"2":{"start":{"line":3,"column":0},"end":{"line":3,"column":41}},"3":{"start":{"line":4,"column":0},"end":{"line":4,"column":54}},"4":{"start":{"line":5,"column":0},"end":{"line":5,"column":29}},"5":{"start":{"line":6,"column":0},"end":{"line":6,"column":30}},"6":{"start":{"line":7,"column":0},"end":{"line":7,"column":28}},"7":{"start":{"line":8,"column":0},"end":{"line":8,"column":29}},"8":{"start":{"line":9,"column":0},"end":{"line":9,"column":46}},"9":{"start":{"line":10,"column":0},"end":{"line":10,"column":16}},"10":{"start":{"line":11,"column":0},"end":{"line":11,"column":3}},"11":{"start":{"line":12,"column":0},"end":{"line":12,"column":5}},"12":{"start":{"line":13,"column":0},"end":{"line":13,"column":61}},"13":{"start":{"line":14,"column":0},"end":{"line":14,"column":5}},"14":{"start":{"line":15,"column":0},"end":{"line":15,"column":10}},"15":{"start":{"line":16,"column":0},"end":{"line":16,"column":62}},"16":{"start":{"line":17,"column":0},"end":{"line":17,"column":53}},"17":{"start":{"line":18,"column":0},"end":{"line":18,"column":34}},"18":{"start":{"line":19,"column":0},"end":{"line":19,"column":63}},"19":{"start":{"line":20,"column":0},"end":{"line":20,"column":9}},"20":{"start":{"line":21,"column":0},"end":{"line":21,"column":14}},"21":{"start":{"line":22,"column":0},"end":{"line":22,"column":32}},"22":{"start":{"line":23,"column":0},"end":{"line":23,"column":62}},"23":{"start":{"line":24,"column":0},"end":{"line":24,"column":0}},"24":{"start":{"line":25,"column":0},"end":{"line":25,"column":53}},"25":{"start":{"line":26,"column":0},"end":{"line":26,"column":55}},"26":{"start":{"line":27,"column":0},"end":{"line":27,"column":47}},"27":{"start":{"line":28,"column":0},"end":{"line":28,"column":48}},"28":{"start":{"line":29,"column":0},"end":{"line":29,"column":57}},"29":{"start":{"line":30,"column":0},"end":{"line":30,"column":51}},"30":{"start":{"line":31,"column":0},"end":{"line":31,"column":41}},"31":{"start":{"line":32,"column":0},"end":{"line":32,"column":9}},"32":{"start":{"line":33,"column":0},"end":{"line":33,"column":7}},"33":{"start":{"line":34,"column":0},"end":{"line":34,"column":3}},"34":{"start":{"line":35,"column":0},"end":{"line":35,"column":5}},"35":{"start":{"line":36,"column":0},"end":{"line":36,"column":72}},"36":{"start":{"line":37,"column":0},"end":{"line":37,"column":47}},"37":{"start":{"line":38,"column":0},"end":{"line":38,"column":5}},"38":{"start":{"line":39,"column":0},"end":{"line":39,"column":24}},"39":{"start":{"line":40,"column":0},"end":{"line":40,"column":26}},"40":{"start":{"line":41,"column":0},"end":{"line":41,"column":29}},"41":{"start":{"line":42,"column":0},"end":{"line":42,"column":36}},"42":{"start":{"line":43,"column":0},"end":{"line":43,"column":3}},"43":{"start":{"line":44,"column":0},"end":{"line":44,"column":0}},"44":{"start":{"line":45,"column":0},"end":{"line":45,"column":5}},"45":{"start":{"line":46,"column":0},"end":{"line":46,"column":25}},"46":{"start":{"line":47,"column":0},"end":{"line":47,"column":5}},"47":{"start":{"line":48,"column":0},"end":{"line":48,"column":20}},"48":{"start":{"line":49,"column":0},"end":{"line":49,"column":54}},"49":{"start":{"line":50,"column":0},"end":{"line":50,"column":29}},"50":{"start":{"line":51,"column":0},"end":{"line":51,"column":28}},"51":{"start":{"line":52,"column":0},"end":{"line":52,"column":61}},"52":{"start":{"line":53,"column":0},"end":{"line":53,"column":3}},"53":{"start":{"line":54,"column":0},"end":{"line":54,"column":5}},"54":{"start":{"line":55,"column":0},"end":{"line":55,"column":28}},"55":{"start":{"line":56,"column":0},"end":{"line":56,"column":5}},"56":{"start":{"line":57,"column":0},"end":{"line":57,"column":23}},"57":{"start":{"line":58,"column":0},"end":{"line":58,"column":80}},"58":{"start":{"line":59,"column":0},"end":{"line":59,"column":3}},"59":{"start":{"line":60,"column":0},"end":{"line":60,"column":0}},"60":{"start":{"line":61,"column":0},"end":{"line":61,"column":5}},"61":{"start":{"line":62,"column":0},"end":{"line":62,"column":42}},"62":{"start":{"line":63,"column":0},"end":{"line":63,"column":5}},"63":{"start":{"line":64,"column":0},"end":{"line":64,"column":30}},"64":{"start":{"line":65,"column":0},"end":{"line":65,"column":9}},"65":{"start":{"line":66,"column":0},"end":{"line":66,"column":66}},"66":{"start":{"line":67,"column":0},"end":{"line":67,"column":23}},"67":{"start":{"line":68,"column":0},"end":{"line":68,"column":56}},"68":{"start":{"line":69,"column":0},"end":{"line":69,"column":64}},"69":{"start":{"line":70,"column":0},"end":{"line":70,"column":9}},"70":{"start":{"line":71,"column":0},"end":{"line":71,"column":0}},"71":{"start":{"line":72,"column":0},"end":{"line":72,"column":41}},"72":{"start":{"line":73,"column":0},"end":{"line":73,"column":74}},"73":{"start":{"line":74,"column":0},"end":{"line":74,"column":21}},"74":{"start":{"line":75,"column":0},"end":{"line":75,"column":63}},"75":{"start":{"line":76,"column":0},"end":{"line":76,"column":80}},"76":{"start":{"line":77,"column":0},"end":{"line":77,"column":5}},"77":{"start":{"line":78,"column":0},"end":{"line":78,"column":3}},"78":{"start":{"line":79,"column":0},"end":{"line":79,"column":0}},"79":{"start":{"line":80,"column":0},"end":{"line":80,"column":5}},"80":{"start":{"line":81,"column":0},"end":{"line":81,"column":31}},"81":{"start":{"line":82,"column":0},"end":{"line":82,"column":28}},"82":{"start":{"line":83,"column":0},"end":{"line":83,"column":5}},"83":{"start":{"line":84,"column":0},"end":{"line":84,"column":33}},"84":{"start":{"line":85,"column":0},"end":{"line":85,"column":59}},"85":{"start":{"line":86,"column":0},"end":{"line":86,"column":3}},"86":{"start":{"line":87,"column":0},"end":{"line":87,"column":0}},"87":{"start":{"line":88,"column":0},"end":{"line":88,"column":5}},"88":{"start":{"line":89,"column":0},"end":{"line":89,"column":29}},"89":{"start":{"line":90,"column":0},"end":{"line":90,"column":26}},"90":{"start":{"line":91,"column":0},"end":{"line":91,"column":5}},"91":{"start":{"line":92,"column":0},"end":{"line":92,"column":19}},"92":{"start":{"line":93,"column":0},"end":{"line":93,"column":55}},"93":{"start":{"line":94,"column":0},"end":{"line":94,"column":45}},"94":{"start":{"line":95,"column":0},"end":{"line":95,"column":64}},"95":{"start":{"line":96,"column":0},"end":{"line":96,"column":27}},"96":{"start":{"line":97,"column":0},"end":{"line":97,"column":76}},"97":{"start":{"line":98,"column":0},"end":{"line":98,"column":0}},"98":{"start":{"line":99,"column":0},"end":{"line":99,"column":28}},"99":{"start":{"line":100,"column":0},"end":{"line":100,"column":45}},"100":{"start":{"line":101,"column":0},"end":{"line":101,"column":15}},"101":{"start":{"line":102,"column":0},"end":{"line":102,"column":7}},"102":{"start":{"line":103,"column":0},"end":{"line":103,"column":29}},"103":{"start":{"line":104,"column":0},"end":{"line":104,"column":23}},"104":{"start":{"line":105,"column":0},"end":{"line":105,"column":15}},"105":{"start":{"line":106,"column":0},"end":{"line":106,"column":7}},"106":{"start":{"line":107,"column":0},"end":{"line":107,"column":44}},"107":{"start":{"line":108,"column":0},"end":{"line":108,"column":5}},"108":{"start":{"line":109,"column":0},"end":{"line":109,"column":3}},"109":{"start":{"line":110,"column":0},"end":{"line":110,"column":0}},"110":{"start":{"line":111,"column":0},"end":{"line":111,"column":5}},"111":{"start":{"line":112,"column":0},"end":{"line":112,"column":43}},"112":{"start":{"line":113,"column":0},"end":{"line":113,"column":23}},"113":{"start":{"line":114,"column":0},"end":{"line":114,"column":5}},"114":{"start":{"line":115,"column":0},"end":{"line":115,"column":14}},"115":{"start":{"line":116,"column":0},"end":{"line":116,"column":23}},"116":{"start":{"line":117,"column":0},"end":{"line":117,"column":16}},"117":{"start":{"line":118,"column":0},"end":{"line":118,"column":16}},"118":{"start":{"line":119,"column":0},"end":{"line":119,"column":16}},"119":{"start":{"line":120,"column":0},"end":{"line":120,"column":16}},"120":{"start":{"line":121,"column":0},"end":{"line":121,"column":16}},"121":{"start":{"line":122,"column":0},"end":{"line":122,"column":16}},"122":{"start":{"line":123,"column":0},"end":{"line":123,"column":16}},"123":{"start":{"line":124,"column":0},"end":{"line":124,"column":16}},"124":{"start":{"line":125,"column":0},"end":{"line":125,"column":6}},"125":{"start":{"line":126,"column":0},"end":{"line":126,"column":43}},"126":{"start":{"line":127,"column":0},"end":{"line":127,"column":14}},"127":{"start":{"line":128,"column":0},"end":{"line":128,"column":31}},"128":{"start":{"line":129,"column":0},"end":{"line":129,"column":56}},"129":{"start":{"line":130,"column":0},"end":{"line":130,"column":53}},"130":{"start":{"line":131,"column":0},"end":{"line":131,"column":8}},"131":{"start":{"line":132,"column":0},"end":{"line":132,"column":7}},"132":{"start":{"line":133,"column":0},"end":{"line":133,"column":15}},"133":{"start":{"line":134,"column":0},"end":{"line":134,"column":3}},"134":{"start":{"line":135,"column":0},"end":{"line":135,"column":0}},"135":{"start":{"line":136,"column":0},"end":{"line":136,"column":5}},"136":{"start":{"line":137,"column":0},"end":{"line":137,"column":37}},"137":{"start":{"line":138,"column":0},"end":{"line":138,"column":23}},"138":{"start":{"line":139,"column":0},"end":{"line":139,"column":5}},"139":{"start":{"line":140,"column":0},"end":{"line":140,"column":15}},"140":{"start":{"line":141,"column":0},"end":{"line":141,"column":57}},"141":{"start":{"line":142,"column":0},"end":{"line":142,"column":16}},"142":{"start":{"line":143,"column":0},"end":{"line":143,"column":3}},"143":{"start":{"line":144,"column":0},"end":{"line":144,"column":0}},"144":{"start":{"line":145,"column":0},"end":{"line":145,"column":5}},"145":{"start":{"line":146,"column":0},"end":{"line":146,"column":31}},"146":{"start":{"line":147,"column":0},"end":{"line":147,"column":22}},"147":{"start":{"line":148,"column":0},"end":{"line":148,"column":5}},"148":{"start":{"line":149,"column":0},"end":{"line":149,"column":26}},"149":{"start":{"line":150,"column":0},"end":{"line":150,"column":23}},"150":{"start":{"line":151,"column":0},"end":{"line":151,"column":3}},"151":{"start":{"line":152,"column":0},"end":{"line":152,"column":0}},"152":{"start":{"line":153,"column":0},"end":{"line":153,"column":5}},"153":{"start":{"line":154,"column":0},"end":{"line":154,"column":27}},"154":{"start":{"line":155,"column":0},"end":{"line":155,"column":5}},"155":{"start":{"line":156,"column":0},"end":{"line":156,"column":18}},"156":{"start":{"line":157,"column":0},"end":{"line":157,"column":57}},"157":{"start":{"line":158,"column":0},"end":{"line":158,"column":78}},"158":{"start":{"line":159,"column":0},"end":{"line":159,"column":22}},"159":{"start":{"line":160,"column":0},"end":{"line":160,"column":27}},"160":{"start":{"line":161,"column":0},"end":{"line":161,"column":66}},"161":{"start":{"line":162,"column":0},"end":{"line":162,"column":26}},"162":{"start":{"line":163,"column":0},"end":{"line":163,"column":23}},"163":{"start":{"line":164,"column":0},"end":{"line":164,"column":5}},"164":{"start":{"line":165,"column":0},"end":{"line":165,"column":3}},"165":{"start":{"line":166,"column":0},"end":{"line":166,"column":0}},"166":{"start":{"line":167,"column":0},"end":{"line":167,"column":5}},"167":{"start":{"line":168,"column":0},"end":{"line":168,"column":27}},"168":{"start":{"line":169,"column":0},"end":{"line":169,"column":27}},"169":{"start":{"line":170,"column":0},"end":{"line":170,"column":22}},"170":{"start":{"line":171,"column":0},"end":{"line":171,"column":5}},"171":{"start":{"line":172,"column":0},"end":{"line":172,"column":28}},"172":{"start":{"line":173,"column":0},"end":{"line":173,"column":7}},"173":{"start":{"line":174,"column":0},"end":{"line":174,"column":54}},"174":{"start":{"line":175,"column":0},"end":{"line":175,"column":52}},"175":{"start":{"line":176,"column":0},"end":{"line":176,"column":47}},"176":{"start":{"line":177,"column":0},"end":{"line":177,"column":50}},"177":{"start":{"line":178,"column":0},"end":{"line":178,"column":58}},"178":{"start":{"line":179,"column":0},"end":{"line":179,"column":41}},"179":{"start":{"line":180,"column":0},"end":{"line":180,"column":58}},"180":{"start":{"line":181,"column":0},"end":{"line":181,"column":6}},"181":{"start":{"line":182,"column":0},"end":{"line":182,"column":37}},"182":{"start":{"line":183,"column":0},"end":{"line":183,"column":46}},"183":{"start":{"line":184,"column":0},"end":{"line":184,"column":66}},"184":{"start":{"line":185,"column":0},"end":{"line":185,"column":23}},"185":{"start":{"line":186,"column":0},"end":{"line":186,"column":18}},"186":{"start":{"line":187,"column":0},"end":{"line":187,"column":45}},"187":{"start":{"line":188,"column":0},"end":{"line":188,"column":10}},"188":{"start":{"line":189,"column":0},"end":{"line":189,"column":30}},"189":{"start":{"line":190,"column":0},"end":{"line":190,"column":28}},"190":{"start":{"line":191,"column":0},"end":{"line":191,"column":11}},"191":{"start":{"line":192,"column":0},"end":{"line":192,"column":9}},"192":{"start":{"line":193,"column":0},"end":{"line":193,"column":41}},"193":{"start":{"line":194,"column":0},"end":{"line":194,"column":62}},"194":{"start":{"line":195,"column":0},"end":{"line":195,"column":74}},"195":{"start":{"line":196,"column":0},"end":{"line":196,"column":54}},"196":{"start":{"line":197,"column":0},"end":{"line":197,"column":5}},"197":{"start":{"line":198,"column":0},"end":{"line":198,"column":51}},"198":{"start":{"line":199,"column":0},"end":{"line":199,"column":43}},"199":{"start":{"line":200,"column":0},"end":{"line":200,"column":49}},"200":{"start":{"line":201,"column":0},"end":{"line":201,"column":5}},"201":{"start":{"line":202,"column":0},"end":{"line":202,"column":73}},"202":{"start":{"line":203,"column":0},"end":{"line":203,"column":33}},"203":{"start":{"line":204,"column":0},"end":{"line":204,"column":3}},"204":{"start":{"line":205,"column":0},"end":{"line":205,"column":1}},"205":{"start":{"line":206,"column":0},"end":{"line":206,"column":0}},"206":{"start":{"line":207,"column":0},"end":{"line":207,"column":20}},"207":{"start":{"line":208,"column":0},"end":{"line":208,"column":20}}},"s":{"0":1,"1":1,"2":19,"3":19,"4":19,"5":19,"6":19,"7":19,"8":19,"9":19,"10":19,"11":1,"12":1,"13":1,"14":1,"15":19,"16":0,"17":0,"18":0,"19":0,"20":0,"21":0,"22":0,"23":0,"24":0,"25":0,"26":0,"27":0,"28":0,"29":0,"30":0,"31":0,"32":19,"33":19,"34":1,"35":1,"36":1,"37":1,"38":1,"39":0,"40":0,"41":0,"42":1,"43":1,"44":1,"45":1,"46":1,"47":1,"48":0,"49":0,"50":0,"51":0,"52":0,"53":1,"54":1,"55":1,"56":1,"57":3,"58":3,"59":1,"60":1,"61":1,"62":1,"63":1,"64":0,"65":0,"66":0,"67":0,"68":0,"69":0,"70":0,"71":0,"72":0,"73":0,"74":0,"75":0,"76":1,"77":1,"78":1,"79":1,"80":1,"81":1,"82":1,"83":1,"84":0,"85":0,"86":1,"87":1,"88":1,"89":1,"90":1,"91":1,"92":0,"93":0,"94":0,"95":0,"96":0,"97":0,"98":0,"99":0,"100":0,"101":0,"102":0,"103":0,"104":0,"105":0,"106":0,"107":0,"108":0,"109":1,"110":1,"111":1,"112":1,"113":1,"114":1,"115":10,"116":10,"117":10,"118":10,"119":10,"120":10,"121":10,"122":10,"123":10,"124":10,"125":10,"126":52,"127":52,"128":52,"129":10,"130":52,"131":10,"132":10,"133":10,"134":1,"135":1,"136":1,"137":1,"138":1,"139":1,"140":5,"141":5,"142":5,"143":1,"144":1,"145":1,"146":1,"147":1,"148":1,"149":0,"150":0,"151":1,"152":1,"153":1,"154":1,"155":1,"156":0,"157":0,"158":0,"159":0,"160":0,"161":0,"162":0,"163":0,"164":1,"165":1,"166":1,"167":1,"168":1,"169":1,"170":1,"171":1,"172":0,"173":0,"174":0,"175":0,"176":0,"177":0,"178":0,"179":0,"180":0,"181":0,"182":0,"183":0,"184":0,"185":0,"186":0,"187":0,"188":0,"189":0,"190":0,"191":0,"192":0,"193":0,"194":0,"195":0,"196":0,"197":0,"198":0,"199":0,"200":0,"201":0,"202":0,"203":1,"204":1,"205":1,"206":1,"207":1},"branchMap":{"0":{"type":"branch","line":2,"loc":{"start":{"line":2,"column":0},"end":{"line":2,"column":2}},"locations":[{"start":{"line":2,"column":0},"end":{"line":2,"column":2}}]},"1":{"type":"branch","line":2,"loc":{"start":{"line":2,"column":0},"end":{"line":2,"column":2}},"locations":[{"start":{"line":2,"column":0},"end":{"line":2,"column":2}}]},"2":{"type":"branch","line":2,"loc":{"start":{"line":2,"column":0},"end":{"line":2,"column":2}},"locations":[{"start":{"line":2,"column":0},"end":{"line":2,"column":2}}]},"3":{"type":"branch","line":2,"loc":{"start":{"line":2,"column":0},"end":{"line":2,"column":2}},"locations":[{"start":{"line":2,"column":0},"end":{"line":2,"column":2}}]},"4":{"type":"branch","line":2,"loc":{"start":{"line":2,"column":0},"end":{"line":2,"column":2}},"locations":[{"start":{"line":2,"column":0},"end":{"line":2,"column":2}}]},"5":{"type":"branch","line":2,"loc":{"start":{"line":2,"column":0},"end":{"line":2,"column":2}},"locations":[{"start":{"line":2,"column":0},"end":{"line":2,"column":2}}]},"6":{"type":"branch","line":2,"loc":{"start":{"line":2,"column":0},"end":{"line":2,"column":2}},"locations":[{"start":{"line":2,"column":0},"end":{"line":2,"column":2}}]},"7":{"type":"branch","line":2,"loc":{"start":{"line":2,"column":0},"end":{"line":2,"column":2}},"locations":[{"start":{"line":2,"column":0},"end":{"line":2,"column":2}}]},"8":{"type":"branch","line":2,"loc":{"start":{"line":2,"column":0},"end":{"line":2,"column":2}},"locations":[{"start":{"line":2,"column":0},"end":{"line":2,"column":2}}]},"9":{"type":"branch","line":2,"loc":{"start":{"line":2,"column":0},"end":{"line":2,"column":2}},"locations":[{"start":{"line":2,"column":0},"end":{"line":2,"column":2}}]},"10":{"type":"branch","line":2,"loc":{"start":{"line":2,"column":0},"end":{"line":2,"column":2}},"locations":[{"start":{"line":2,"column":0},"end":{"line":2,"column":2}}]},"11":{"type":"branch","line":2,"loc":{"start":{"line":2,"column":0},"end":{"line":2,"column":2}},"locations":[{"start":{"line":2,"column":0},"end":{"line":2,"column":2}}]},"12":{"type":"branch","line":2,"loc":{"start":{"line":2,"column":0},"end":{"line":2,"column":2}},"locations":[{"start":{"line":2,"column":0},"end":{"line":2,"column":2}}]},"13":{"type":"branch","line":2,"loc":{"start":{"line":2,"column":0},"end":{"line":2,"column":2}},"locations":[{"start":{"line":2,"column":0},"end":{"line":2,"column":2}}]},"14":{"type":"branch","line":2,"loc":{"start":{"line":2,"column":0},"end":{"line":2,"column":2}},"locations":[{"start":{"line":2,"column":0},"end":{"line":2,"column":2}}]},"15":{"type":"branch","line":2,"loc":{"start":{"line":2,"column":0},"end":{"line":2,"column":2}},"locations":[{"start":{"line":2,"column":0},"end":{"line":2,"column":2}}]},"16":{"type":"branch","line":2,"loc":{"start":{"line":2,"column":0},"end":{"line":2,"column":2}},"locations":[{"start":{"line":2,"column":0},"end":{"line":2,"column":2}}]},"17":{"type":"branch","line":2,"loc":{"start":{"line":2,"column":0},"end":{"line":2,"column":2}},"locations":[{"start":{"line":2,"column":0},"end":{"line":2,"column":2}}]},"18":{"type":"branch","line":2,"loc":{"start":{"line":2,"column":0},"end":{"line":2,"column":2}},"locations":[{"start":{"line":2,"column":0},"end":{"line":2,"column":2}}]},"19":{"type":"branch","line":2,"loc":{"start":{"line":2,"column":0},"end":{"line":2,"column":2}},"locations":[{"start":{"line":2,"column":0},"end":{"line":2,"column":2}}]},"20":{"type":"branch","line":2,"loc":{"start":{"line":2,"column":0},"end":{"line":2,"column":2}},"locations":[{"start":{"line":2,"column":0},"end":{"line":2,"column":2}}]},"21":{"type":"branch","line":2,"loc":{"start":{"line":2,"column":0},"end":{"line":2,"column":2}},"locations":[{"start":{"line":2,"column":0},"end":{"line":2,"column":2}}]},"22":{"type":"branch","line":2,"loc":{"start":{"line":2,"column":0},"end":{"line":2,"column":2}},"locations":[{"start":{"line":2,"column":0},"end":{"line":2,"column":2}}]},"23":{"type":"branch","line":2,"loc":{"start":{"line":2,"column":0},"end":{"line":2,"column":2}},"locations":[{"start":{"line":2,"column":0},"end":{"line":2,"column":2}}]},"24":{"type":"branch","line":2,"loc":{"start":{"line":2,"column":0},"end":{"line":2,"column":2}},"locations":[{"start":{"line":2,"column":0},"end":{"line":2,"column":2}}]},"25":{"type":"branch","line":2,"loc":{"start":{"line":2,"column":0},"end":{"line":2,"column":2}},"locations":[{"start":{"line":2,"column":0},"end":{"line":2,"column":2}}]},"26":{"type":"branch","line":2,"loc":{"start":{"line":2,"column":0},"end":{"line":2,"column":2}},"locations":[{"start":{"line":2,"column":0},"end":{"line":2,"column":2}}]},"27":{"type":"branch","line":2,"loc":{"start":{"line":2,"column":0},"end":{"line":2,"column":2}},"locations":[{"start":{"line":2,"column":0},"end":{"line":2,"column":2}}]},"28":{"type":"branch","line":2,"loc":{"start":{"line":2,"column":0},"end":{"line":172,"column":18}},"locations":[{"start":{"line":2,"column":0},"end":{"line":172,"column":18}}]},"29":{"type":"branch","line":2,"loc":{"start":{"line":2,"column":2},"end":{"line":11,"column":3}},"locations":[{"start":{"line":2,"column":2},"end":{"line":11,"column":3}}]},"30":{"type":"branch","line":2,"loc":{"start":{"line":2,"column":24},"end":{"line":2,"column":27}},"locations":[{"start":{"line":2,"column":24},"end":{"line":2,"column":27}}]},"31":{"type":"branch","line":2,"loc":{"start":{"line":2,"column":24},"end":{"line":2,"column":27}},"locations":[{"start":{"line":2,"column":24},"end":{"line":2,"column":27}}]},"32":{"type":"branch","line":15,"loc":{"start":{"line":15,"column":2},"end":{"line":34,"column":3}},"locations":[{"start":{"line":15,"column":2},"end":{"line":34,"column":3}}]},"33":{"type":"branch","line":35,"loc":{"start":{"line":35,"column":2},"end":{"line":39,"column":24}},"locations":[{"start":{"line":35,"column":2},"end":{"line":39,"column":24}}]},"34":{"type":"branch","line":57,"loc":{"start":{"line":57,"column":2},"end":{"line":59,"column":3}},"locations":[{"start":{"line":57,"column":2},"end":{"line":59,"column":3}}]},"35":{"type":"branch","line":58,"loc":{"start":{"line":58,"column":47},"end":{"line":58,"column":78}},"locations":[{"start":{"line":58,"column":47},"end":{"line":58,"column":78}}]},"36":{"type":"branch","line":61,"loc":{"start":{"line":61,"column":2},"end":{"line":64,"column":30}},"locations":[{"start":{"line":61,"column":2},"end":{"line":64,"column":30}}]},"37":{"type":"branch","line":115,"loc":{"start":{"line":115,"column":2},"end":{"line":134,"column":3}},"locations":[{"start":{"line":115,"column":2},"end":{"line":134,"column":3}}]},"38":{"type":"branch","line":126,"loc":{"start":{"line":126,"column":31},"end":{"line":132,"column":5}},"locations":[{"start":{"line":126,"column":31},"end":{"line":132,"column":5}}]},"39":{"type":"branch","line":128,"loc":{"start":{"line":128,"column":28},"end":{"line":129,"column":53}},"locations":[{"start":{"line":128,"column":28},"end":{"line":129,"column":53}}]},"40":{"type":"branch","line":129,"loc":{"start":{"line":129,"column":53},"end":{"line":130,"column":53}},"locations":[{"start":{"line":129,"column":53},"end":{"line":130,"column":53}}]},"41":{"type":"branch","line":140,"loc":{"start":{"line":140,"column":2},"end":{"line":143,"column":3}},"locations":[{"start":{"line":140,"column":2},"end":{"line":143,"column":3}}]},"42":{"type":"branch","line":141,"loc":{"start":{"line":141,"column":34},"end":{"line":141,"column":56}},"locations":[{"start":{"line":141,"column":34},"end":{"line":141,"column":56}}]},"43":{"type":"branch","line":153,"loc":{"start":{"line":153,"column":2},"end":{"line":156,"column":18}},"locations":[{"start":{"line":153,"column":2},"end":{"line":156,"column":18}}]},"44":{"type":"branch","line":167,"loc":{"start":{"line":167,"column":2},"end":{"line":172,"column":18}},"locations":[{"start":{"line":167,"column":2},"end":{"line":172,"column":18}}]}},"b":{"0":[1],"1":[0],"2":[0],"3":[0],"4":[0],"5":[4],"6":[0],"7":[4],"8":[1],"9":[0],"10":[10],"11":[9],"12":[0],"13":[1],"14":[3],"15":[4],"16":[19],"17":[0],"18":[1],"19":[12],"20":[1],"21":[0],"22":[12],"23":[0],"24":[12],"25":[0],"26":[0],"27":[0],"28":[1],"29":[19],"30":[0],"31":[0],"32":[19],"33":[1],"34":[3],"35":[27],"36":[1],"37":[10],"38":[52],"39":[23],"40":[10],"41":[5],"42":[29],"43":[1],"44":[1]},"fnMap":{"0":{"name":"_regenerator","decl":{"start":{"line":2,"column":0},"end":{"line":2,"column":2}},"loc":{"start":{"line":2,"column":0},"end":{"line":2,"column":2}},"line":2},"1":{"name":"i","decl":{"start":{"line":2,"column":0},"end":{"line":2,"column":2}},"loc":{"start":{"line":2,"column":0},"end":{"line":2,"column":2}},"line":2},"2":{"name":"Generator","decl":{"start":{"line":2,"column":0},"end":{"line":2,"column":2}},"loc":{"start":{"line":2,"column":0},"end":{"line":2,"column":2}},"line":2},"3":{"name":"GeneratorFunction","decl":{"start":{"line":2,"column":0},"end":{"line":2,"column":2}},"loc":{"start":{"line":2,"column":0},"end":{"line":2,"column":2}},"line":2},"4":{"name":"GeneratorFunctionPrototype","decl":{"start":{"line":2,"column":0},"end":{"line":2,"column":2}},"loc":{"start":{"line":2,"column":0},"end":{"line":2,"column":2}},"line":2},"5":{"name":"f","decl":{"start":{"line":2,"column":0},"end":{"line":2,"column":2}},"loc":{"start":{"line":2,"column":0},"end":{"line":2,"column":2}},"line":2},"6":{"name":"_regenerator","decl":{"start":{"line":2,"column":0},"end":{"line":2,"column":2}},"loc":{"start":{"line":2,"column":0},"end":{"line":2,"column":2}},"line":2},"7":{"name":"_regeneratorDefine2","decl":{"start":{"line":2,"column":0},"end":{"line":2,"column":2}},"loc":{"start":{"line":2,"column":0},"end":{"line":2,"column":2}},"line":2},"8":{"name":"_regeneratorDefine","decl":{"start":{"line":2,"column":0},"end":{"line":2,"column":2}},"loc":{"start":{"line":2,"column":0},"end":{"line":2,"column":2}},"line":2},"9":{"name":"o","decl":{"start":{"line":2,"column":0},"end":{"line":2,"column":2}},"loc":{"start":{"line":2,"column":0},"end":{"line":2,"column":2}},"line":2},"10":{"name":"asyncGeneratorStep","decl":{"start":{"line":2,"column":0},"end":{"line":2,"column":2}},"loc":{"start":{"line":2,"column":0},"end":{"line":2,"column":2}},"line":2},"11":{"name":"_asyncToGenerator","decl":{"start":{"line":2,"column":0},"end":{"line":2,"column":2}},"loc":{"start":{"line":2,"column":0},"end":{"line":2,"column":2}},"line":2},"12":{"name":"_classCallCheck","decl":{"start":{"line":2,"column":0},"end":{"line":2,"column":2}},"loc":{"start":{"line":2,"column":0},"end":{"line":2,"column":2}},"line":2},"13":{"name":"_defineProperties","decl":{"start":{"line":2,"column":0},"end":{"line":2,"column":2}},"loc":{"start":{"line":2,"column":0},"end":{"line":2,"column":2}},"line":2},"14":{"name":"_createClass","decl":{"start":{"line":2,"column":0},"end":{"line":2,"column":2}},"loc":{"start":{"line":2,"column":0},"end":{"line":2,"column":2}},"line":2},"15":{"name":"_toPropertyKey","decl":{"start":{"line":2,"column":0},"end":{"line":2,"column":2}},"loc":{"start":{"line":2,"column":0},"end":{"line":2,"column":2}},"line":2},"16":{"name":"_toPrimitive","decl":{"start":{"line":2,"column":0},"end":{"line":2,"column":2}},"loc":{"start":{"line":2,"column":0},"end":{"line":2,"column":2}},"line":2},"17":{"name":"TicTacToeGame","decl":{"start":{"line":2,"column":2},"end":{"line":11,"column":3}},"loc":{"start":{"line":2,"column":2},"end":{"line":11,"column":3}},"line":2},"18":{"name":"init","decl":{"start":{"line":15,"column":2},"end":{"line":34,"column":3}},"loc":{"start":{"line":15,"column":2},"end":{"line":34,"column":3}},"line":15},"19":{"name":"_callee","decl":{"start":{"line":39,"column":2},"end":{"line":42,"column":36}},"loc":{"start":{"line":39,"column":2},"end":{"line":42,"column":36}},"line":39},"20":{"name":"resetGameState","decl":{"start":{"line":48,"column":2},"end":{"line":53,"column":3}},"loc":{"start":{"line":48,"column":2},"end":{"line":53,"column":3}},"line":48},"21":{"name":"clearBoardDisplay","decl":{"start":{"line":57,"column":2},"end":{"line":59,"column":3}},"loc":{"start":{"line":57,"column":2},"end":{"line":59,"column":3}},"line":57},"22":{"name":"_callee2","decl":{"start":{"line":64,"column":2},"end":{"line":76,"column":80}},"loc":{"start":{"line":64,"column":2},"end":{"line":76,"column":80}},"line":64},"23":{"name":"updateMessageDisplay","decl":{"start":{"line":84,"column":2},"end":{"line":86,"column":3}},"loc":{"start":{"line":84,"column":2},"end":{"line":86,"column":3}},"line":84},"24":{"name":"makeMove","decl":{"start":{"line":92,"column":2},"end":{"line":109,"column":3}},"loc":{"start":{"line":92,"column":2},"end":{"line":109,"column":3}},"line":92},"25":{"name":"checkWin","decl":{"start":{"line":115,"column":2},"end":{"line":134,"column":3}},"loc":{"start":{"line":115,"column":2},"end":{"line":134,"column":3}},"line":115},"26":{"name":"checkDraw","decl":{"start":{"line":140,"column":2},"end":{"line":143,"column":3}},"loc":{"start":{"line":140,"column":2},"end":{"line":143,"column":3}},"line":140},"27":{"name":"sumNumbers","decl":{"start":{"line":149,"column":2},"end":{"line":151,"column":3}},"loc":{"start":{"line":149,"column":2},"end":{"line":151,"column":3}},"line":149},"28":{"name":"_callee3","decl":{"start":{"line":156,"column":2},"end":{"line":164,"column":5}},"loc":{"start":{"line":156,"column":2},"end":{"line":164,"column":5}},"line":156},"29":{"name":"_callee4","decl":{"start":{"line":172,"column":2},"end":{"line":203,"column":33}},"loc":{"start":{"line":172,"column":2},"end":{"line":203,"column":33}},"line":172}},"f":{"0":1,"1":0,"2":0,"3":0,"4":0,"5":4,"6":4,"7":1,"8":10,"9":3,"10":0,"11":4,"12":19,"13":1,"14":1,"15":12,"16":12,"17":19,"18":19,"19":0,"20":0,"21":3,"22":0,"23":0,"24":0,"25":10,"26":5,"27":0,"28":0,"29":0}}
}
