TN:
SF:script.js
FN:2,_regenerator
FN:2,i
FN:2,Generator
FN:2,GeneratorFunction
FN:2,GeneratorFunctionPrototype
FN:2,f
FN:2,_regenerator
FN:2,_regeneratorDefine2
FN:2,_regeneratorDefine
FN:2,o
FN:2,asyncGeneratorStep
FN:2,_asyncToGenerator
FN:2,_classCallCheck
FN:2,_defineProperties
FN:2,_createClass
FN:2,_toPropertyKey
FN:2,_toPrimitive
FN:2,TicTacToeGame
FN:15,init
FN:39,_callee
FN:48,resetGameState
FN:57,clearBoardDisplay
FN:64,_callee2
FN:84,updateMessageDisplay
FN:92,makeMove
FN:115,checkWin
FN:140,checkDraw
FN:149,sumNumbers
FN:156,_callee3
FN:172,_callee4
FNF:30
FNH:17
FNDA:1,_regenerator
FNDA:0,i
FNDA:0,Generator
FNDA:0,GeneratorFunction
FNDA:0,GeneratorFunctionPrototype
FNDA:4,f
FNDA:4,_regenerator
FNDA:1,_regeneratorDefine2
FNDA:10,_regeneratorDefine
FNDA:3,o
FNDA:0,asyncGeneratorStep
FNDA:4,_asyncToGenerator
FNDA:19,_classCallCheck
FNDA:1,_defineProperties
FNDA:1,_createClass
FNDA:12,_toPropertyKey
FNDA:12,_toPrimitive
FNDA:19,TicTacToeGame
FNDA:19,init
FNDA:0,_callee
FNDA:0,resetGameState
FNDA:3,clearBoardDisplay
FNDA:0,_callee2
FNDA:0,updateMessageDisplay
FNDA:0,makeMove
FNDA:10,checkWin
FNDA:5,checkDraw
FNDA:0,sumNumbers
FNDA:0,_callee3
FNDA:0,_callee4
DA:1,1
DA:2,1
DA:3,19
DA:4,19
DA:5,19
DA:6,19
DA:7,19
DA:8,19
DA:9,19
DA:10,19
DA:11,19
DA:12,1
DA:13,1
DA:14,1
DA:15,1
DA:16,19
DA:17,0
DA:18,0
DA:19,0
DA:20,0
DA:21,0
DA:22,0
DA:23,0
DA:24,0
DA:25,0
DA:26,0
DA:27,0
DA:28,0
DA:29,0
DA:30,0
DA:31,0
DA:32,0
DA:33,19
DA:34,19
DA:35,1
DA:36,1
DA:37,1
DA:38,1
DA:39,1
DA:40,0
DA:41,0
DA:42,0
DA:43,1
DA:44,1
DA:45,1
DA:46,1
DA:47,1
DA:48,1
DA:49,0
DA:50,0
DA:51,0
DA:52,0
DA:53,0
DA:54,1
DA:55,1
DA:56,1
DA:57,1
DA:58,3
DA:59,3
DA:60,1
DA:61,1
DA:62,1
DA:63,1
DA:64,1
DA:65,0
DA:66,0
DA:67,0
DA:68,0
DA:69,0
DA:70,0
DA:71,0
DA:72,0
DA:73,0
DA:74,0
DA:75,0
DA:76,0
DA:77,1
DA:78,1
DA:79,1
DA:80,1
DA:81,1
DA:82,1
DA:83,1
DA:84,1
DA:85,0
DA:86,0
DA:87,1
DA:88,1
DA:89,1
DA:90,1
DA:91,1
DA:92,1
DA:93,0
DA:94,0
DA:95,0
DA:96,0
DA:97,0
DA:98,0
DA:99,0
DA:100,0
DA:101,0
DA:102,0
DA:103,0
DA:104,0
DA:105,0
DA:106,0
DA:107,0
DA:108,0
DA:109,0
DA:110,1
DA:111,1
DA:112,1
DA:113,1
DA:114,1
DA:115,1
DA:116,10
DA:117,10
DA:118,10
DA:119,10
DA:120,10
DA:121,10
DA:122,10
DA:123,10
DA:124,10
DA:125,10
DA:126,10
DA:127,52
DA:128,52
DA:129,52
DA:130,10
DA:131,52
DA:132,10
DA:133,10
DA:134,10
DA:135,1
DA:136,1
DA:137,1
DA:138,1
DA:139,1
DA:140,1
DA:141,5
DA:142,5
DA:143,5
DA:144,1
DA:145,1
DA:146,1
DA:147,1
DA:148,1
DA:149,1
DA:150,0
DA:151,0
DA:152,1
DA:153,1
DA:154,1
DA:155,1
DA:156,1
DA:157,0
DA:158,0
DA:159,0
DA:160,0
DA:161,0
DA:162,0
DA:163,0
DA:164,0
DA:165,1
DA:166,1
DA:167,1
DA:168,1
DA:169,1
DA:170,1
DA:171,1
DA:172,1
DA:173,0
DA:174,0
DA:175,0
DA:176,0
DA:177,0
DA:178,0
DA:179,0
DA:180,0
DA:181,0
DA:182,0
DA:183,0
DA:184,0
DA:185,0
DA:186,0
DA:187,0
DA:188,0
DA:189,0
DA:190,0
DA:191,0
DA:192,0
DA:193,0
DA:194,0
DA:195,0
DA:196,0
DA:197,0
DA:198,0
DA:199,0
DA:200,0
DA:201,0
DA:202,0
DA:203,0
DA:204,1
DA:205,1
DA:206,1
DA:207,1
DA:208,1
LF:208
LH:112
BRDA:2,0,0,1
BRDA:2,1,0,0
BRDA:2,2,0,0
BRDA:2,3,0,0
BRDA:2,4,0,0
BRDA:2,5,0,4
BRDA:2,6,0,0
BRDA:2,7,0,4
BRDA:2,8,0,1
BRDA:2,9,0,0
BRDA:2,10,0,10
BRDA:2,11,0,9
BRDA:2,12,0,0
BRDA:2,13,0,1
BRDA:2,14,0,3
BRDA:2,15,0,4
BRDA:2,16,0,19
BRDA:2,17,0,0
BRDA:2,18,0,1
BRDA:2,19,0,12
BRDA:2,20,0,1
BRDA:2,21,0,0
BRDA:2,22,0,12
BRDA:2,23,0,0
BRDA:2,24,0,12
BRDA:2,25,0,0
BRDA:2,26,0,0
BRDA:2,27,0,0
BRDA:2,28,0,1
BRDA:2,29,0,19
BRDA:2,30,0,0
BRDA:2,31,0,0
BRDA:15,32,0,19
BRDA:35,33,0,1
BRDA:57,34,0,3
BRDA:58,35,0,27
BRDA:61,36,0,1
BRDA:115,37,0,10
BRDA:126,38,0,52
BRDA:128,39,0,23
BRDA:129,40,0,10
BRDA:140,41,0,5
BRDA:141,42,0,29
BRDA:153,43,0,1
BRDA:167,44,0,1
BRF:45
BRH:30
end_of_record
